<?xml version="1.0" encoding="utf-8"?><testsuites name="pytest tests"><testsuite name="pytest" errors="0" failures="0" skipped="0" tests="13" time="15.760" timestamp="2026-04-11T07:21:39.514687+00:00" hostname="agent-env-839af326-3997-42ec-9a74-741938ec33ab"><testcase classname="backend.tests.test_aria_v2_features.TestServicesIncludingNextcloud" name="test_services_returns_four_services" time="0.499" /><testcase classname="backend.tests.test_aria_v2_features.TestChatWithSessions" name="test_chat_returns_response_and_session_id" time="1.527" /><testcase classname="backend.tests.test_aria_v2_features.TestChatWithSessions" name="test_chat_sessions_list" time="0.141" /><testcase classname="backend.tests.test_aria_v2_features.TestChatWithSessions" name="test_chat_with_target_routing" time="11.767" /><testcase classname="backend.tests.test_aria_v2_features.TestAdminSettings" name="test_get_admin_settings" time="0.118" /><testcase classname="backend.tests.test_aria_v2_features.TestAdminSettings" name="test_update_admin_settings" time="0.121" /><testcase classname="backend.tests.test_aria_v2_features.TestAccountLinking" name="test_link_service_account" time="0.107" /><testcase classname="backend.tests.test_aria_v2_features.TestAccountLinking" name="test_verify_linked_service" time="0.104" /><testcase classname="backend.tests.test_aria_v2_features.TestAccountLinking" name="test_unlink_service_account" time="0.108" /><testcase classname="backend.tests.test_aria_v2_features.TestChatHistory" name="test_chat_history_for_session" time="0.848" /><testcase classname="backend.tests.test_aria_v2_features.TestAdminUsers" name="test_get_all_users" time="0.112" /><testcase classname="backend.tests.test_aria_v2_features.TestLogsFiltering" name="test_logs_all" time="0.111" /><testcase classname="backend.tests.test_aria_v2_features.TestLogsFiltering" name="test_logs_filter_by_type" time="0.109" /></testsuite></testsuites>