<?xml version="1.0" encoding="utf-8"?><testsuites name="pytest tests"><testsuite name="pytest" errors="0" failures="0" skipped="0" tests="15" time="12.584" timestamp="2026-04-19T02:13:29.628207+00:00" hostname="agent-env-839af326-3997-42ec-9a74-741938ec33ab"><testcase classname="tests.test_telegram_router_disks.TestTelegramDiagnostics" name="test_status_requires_auth" time="0.187" /><testcase classname="tests.test_telegram_router_disks.TestTelegramDiagnostics" name="test_status_returns_shape" time="0.399" /><testcase classname="tests.test_telegram_router_disks.TestTelegramDiagnostics" name="test_test_no_body_disabled_token" time="0.054" /><testcase classname="tests.test_telegram_router_disks.TestTelegramDiagnostics" name="test_test_with_invalid_token" time="0.453" /><testcase classname="tests.test_telegram_router_disks.TestTelegramDiagnostics" name="test_test_requires_admin" time="0.106" /><testcase classname="tests.test_telegram_router_disks.TestTelegramDiagnostics" name="test_restart_requires_admin" time="0.123" /><testcase classname="tests.test_telegram_router_disks.TestTelegramDiagnostics" name="test_restart_without_token_returns_400" time="0.052" /><testcase classname="tests.test_telegram_router_disks.TestRouterHistory" name="test_router_history_requires_auth" time="0.136" /><testcase classname="tests.test_telegram_router_disks.TestRouterHistory" name="test_router_history_delete_requires_auth" time="0.104" /><testcase classname="tests.test_telegram_router_disks.TestRouterHistory" name="test_chat_creates_router_history_entry" time="3.954" /><testcase classname="tests.test_telegram_router_disks.TestRouterHistory" name="test_clear_router_history" time="0.100" /><testcase classname="tests.test_telegram_router_disks.TestHealthDisks" name="test_requires_auth" time="0.123" /><testcase classname="tests.test_telegram_router_disks.TestHealthDisks" name="test_shape_in_preview" time="0.048" /><testcase classname="tests.test_telegram_router_disks.TestRegressionSmoke" name="test_service_registry_still_works" time="3.083" /><testcase classname="tests.test_telegram_router_disks.TestRegressionSmoke" name="test_chat_still_works" time="3.570" /></testsuite></testsuites>