<?xml version="1.0" encoding="utf-8"?><testsuites name="pytest tests"><testsuite name="pytest" errors="0" failures="0" skipped="0" tests="12" time="4.547" timestamp="2026-04-11T08:07:54.273376+00:00" hostname="agent-env-839af326-3997-42ec-9a74-741938ec33ab"><testcase classname="backend.tests.test_aria_v2_iteration6.TestAuthentication" name="test_login_success" time="0.387" /><testcase classname="backend.tests.test_aria_v2_iteration6.TestWeatherAPI" name="test_weather_requires_auth" time="0.139" /><testcase classname="backend.tests.test_aria_v2_iteration6.TestWeatherAPI" name="test_weather_returns_available_false_when_not_configured" time="0.696" /><testcase classname="backend.tests.test_aria_v2_iteration6.TestAdminSettings" name="test_get_settings_requires_admin" time="0.096" /><testcase classname="backend.tests.test_aria_v2_iteration6.TestAdminSettings" name="test_get_settings_returns_object" time="0.480" /><testcase classname="backend.tests.test_aria_v2_iteration6.TestAdminSettings" name="test_put_settings_weather_city" time="0.484" /><testcase classname="backend.tests.test_aria_v2_iteration6.TestAdminSettings" name="test_put_settings_weather_api_key" time="0.420" /><testcase classname="backend.tests.test_aria_v2_iteration6.TestDashboardStats" name="test_dashboard_stats" time="0.413" /><testcase classname="backend.tests.test_aria_v2_iteration6.TestServices" name="test_get_services" time="0.418" /><testcase classname="backend.tests.test_aria_v2_iteration6.TestHealthEndpoints" name="test_health_check" time="0.099" /><testcase classname="backend.tests.test_aria_v2_iteration6.TestChatEndpoint" name="test_chat_requires_auth" time="0.106" /><testcase classname="backend.tests.test_aria_v2_iteration6.TestChatEndpoint" name="test_chat_returns_response" time="0.734" /></testsuite></testsuites>