<?xml version="1.0" encoding="utf-8"?><testsuites name="pytest tests"><testsuite name="pytest" errors="0" failures="0" skipped="0" tests="11" time="2.408" timestamp="2026-04-22T03:28:09.577576+00:00" hostname="agent-env-839af326-3997-42ec-9a74-741938ec33ab"><testcase classname="backend.tests.test_sh_pages" name="test_version_is_7_1" time="0.140" /><testcase classname="backend.tests.test_sh_pages.TestPagesCrud" name="test_list_requires_admin" time="0.112" /><testcase classname="backend.tests.test_sh_pages.TestPagesCrud" name="test_non_admin_cannot_list" time="0.389" /><testcase classname="backend.tests.test_sh_pages.TestPagesCrud" name="test_full_crud" time="0.650" /><testcase classname="backend.tests.test_sh_pages.TestPagesCrud" name="test_create_requires_name" time="0.052" /><testcase classname="backend.tests.test_sh_pages.TestPagesCrud" name="test_update_nonexistent_returns_404" time="0.091" /><testcase classname="backend.tests.test_sh_pages.TestAssignment" name="test_my_page_default_none" time="0.051" /><testcase classname="backend.tests.test_sh_pages.TestAssignment" name="test_assign_and_unassign_flow" time="0.358" /><testcase classname="backend.tests.test_sh_pages.TestAssignment" name="test_assign_nonexistent_page_returns_404" time="0.048" /><testcase classname="backend.tests.test_sh_pages.TestAssignment" name="test_non_admin_cannot_assign" time="0.167" /><testcase classname="backend.tests.test_sh_pages.TestAssignment" name="test_delete_page_unassigns_users" time="0.267" /></testsuite></testsuites>