<?xml version="1.0" encoding="utf-8"?><testsuites name="pytest tests"><testsuite name="pytest" errors="0" failures="2" skipped="0" tests="11" time="2.381" timestamp="2026-04-22T03:24:17.072063+00:00" hostname="agent-env-839af326-3997-42ec-9a74-741938ec33ab"><testcase classname="backend.tests.test_sh_pages" name="test_version_is_7_0" time="0.257" /><testcase classname="backend.tests.test_sh_pages.TestPagesCrud" name="test_list_requires_admin" time="0.132" /><testcase classname="backend.tests.test_sh_pages.TestPagesCrud" name="test_non_admin_cannot_list" time="0.461" /><testcase classname="backend.tests.test_sh_pages.TestPagesCrud" name="test_full_crud" time="0.643" /><testcase classname="backend.tests.test_sh_pages.TestPagesCrud" name="test_create_requires_name" time="0.048" /><testcase classname="backend.tests.test_sh_pages.TestPagesCrud" name="test_update_nonexistent_returns_404" time="0.051" /><testcase classname="backend.tests.test_sh_pages.TestAssignment" name="test_my_page_default_none" time="0.065" /><testcase classname="backend.tests.test_sh_pages.TestAssignment" name="test_assign_and_unassign_flow" time="0.265"><failure message="AssertionError: Expected page, got {'page': None}&#10;assert None is not None&#10; +  where None = &lt;built-in method get of dict object at 0xfdded33547c0&gt;('page')&#10; +    where &lt;built-in method get of dict object at 0xfdded33547c0&gt; = {'page': None}.get">backend/tests/test_sh_pages.py:174: in test_assign_and_unassign_flow
    assert data.get("page") is not None, f"Expected page, got {data}"
E   AssertionError: Expected page, got {'page': None}
E   assert None is not None
E    +  where None = &lt;built-in method get of dict object at 0xfdded33547c0&gt;('page')
E    +    where &lt;built-in method get of dict object at 0xfdded33547c0&gt; = {'page': None}.get</failure></testcase><testcase classname="backend.tests.test_sh_pages.TestAssignment" name="test_assign_nonexistent_page_returns_404" time="0.055" /><testcase classname="backend.tests.test_sh_pages.TestAssignment" name="test_non_admin_cannot_assign" time="0.161" /><testcase classname="backend.tests.test_sh_pages.TestAssignment" name="test_delete_page_unassigns_users" time="0.160"><failure message="AssertionError: assert None is not None&#10; +  where None = &lt;built-in method get of dict object at 0xfdded33c68c0&gt;('page')&#10; +    where &lt;built-in method get of dict object at 0xfdded33c68c0&gt; = {'page': None}.get&#10; +      where {'page': None} = json()&#10; +        where json = &lt;Response [200]&gt;.json">backend/tests/test_sh_pages.py:213: in test_delete_page_unassigns_users
    assert r.json().get("page") is not None
E   AssertionError: assert None is not None
E    +  where None = &lt;built-in method get of dict object at 0xfdded33c68c0&gt;('page')
E    +    where &lt;built-in method get of dict object at 0xfdded33c68c0&gt; = {'page': None}.get
E    +      where {'page': None} = json()
E    +        where json = &lt;Response [200]&gt;.json</failure></testcase></testsuite></testsuites>