<?xml version="1.0" encoding="utf-8"?><testsuites name="pytest tests"><testsuite name="pytest" errors="0" failures="0" skipped="0" tests="16" time="4.841" timestamp="2026-04-13T04:20:06.069723+00:00" hostname="agent-env-839af326-3997-42ec-9a74-741938ec33ab"><testcase classname="backend.tests.test_phase4_kiosk_profiles.TestAuth" name="test_login_success" time="0.370" /><testcase classname="backend.tests.test_phase4_kiosk_profiles.TestProfileCRUD" name="test_get_profiles_list" time="0.478" /><testcase classname="backend.tests.test_phase4_kiosk_profiles.TestProfileCRUD" name="test_get_profiles_requires_admin" time="0.101" /><testcase classname="backend.tests.test_phase4_kiosk_profiles.TestProfileCRUD" name="test_create_profile" time="0.205" /><testcase classname="backend.tests.test_phase4_kiosk_profiles.TestProfileCRUD" name="test_create_child_mode_profile" time="0.116" /><testcase classname="backend.tests.test_phase4_kiosk_profiles.TestProfileCRUD" name="test_get_single_profile" time="0.204" /><testcase classname="backend.tests.test_phase4_kiosk_profiles.TestProfileCRUD" name="test_delete_profile" time="0.412" /><testcase classname="backend.tests.test_phase4_kiosk_profiles.TestMyProfile" name="test_get_my_profile" time="0.464" /><testcase classname="backend.tests.test_phase4_kiosk_profiles.TestMyProfile" name="test_my_profile_requires_auth" time="0.097" /><testcase classname="backend.tests.test_phase4_kiosk_profiles.TestSceneTemplates" name="test_get_scene_templates" time="0.443" /><testcase classname="backend.tests.test_phase4_kiosk_profiles.TestSceneTemplates" name="test_scene_templates_requires_auth" time="0.101" /><testcase classname="backend.tests.test_phase4_kiosk_profiles.TestRoomsAndDevices" name="test_get_rooms" time="0.428" /><testcase classname="backend.tests.test_phase4_kiosk_profiles.TestRoomsAndDevices" name="test_get_devices" time="0.105" /><testcase classname="backend.tests.test_phase4_kiosk_profiles.TestAdminTabs" name="test_admin_users_list" time="0.451" /><testcase classname="backend.tests.test_phase4_kiosk_profiles.TestAdminTabs" name="test_audit_log" time="0.103" /><testcase classname="backend.tests.test_phase4_kiosk_profiles.TestCleanup" name="test_cleanup_test_profiles" time="0.676" /></testsuite></testsuites>