<?xml version="1.0" encoding="utf-8"?><testsuites name="pytest tests"><testsuite name="pytest" errors="0" failures="0" skipped="0" tests="17" time="7.536" timestamp="2026-04-13T05:26:59.926684+00:00" hostname="agent-env-839af326-3997-42ec-9a74-741938ec33ab"><testcase classname="tests.test_admin_restructure.TestAdminAuthentication" name="test_admin_login" time="0.385" /><testcase classname="tests.test_admin_restructure.TestAdminAuthentication" name="test_child_user_login" time="0.332" /><testcase classname="tests.test_admin_restructure.TestAuthMe" name="test_auth_me_admin" time="0.422" /><testcase classname="tests.test_admin_restructure.TestAuthMe" name="test_auth_me_child" time="0.455" /><testcase classname="tests.test_admin_restructure.TestAdminUserManagement" name="test_get_all_users" time="0.371" /><testcase classname="tests.test_admin_restructure.TestAdminUserManagement" name="test_create_user_with_rooms_and_tabs" time="0.741" /><testcase classname="tests.test_admin_restructure.TestAdminUserManagement" name="test_update_user_rooms_and_tabs" time="0.573" /><testcase classname="tests.test_admin_restructure.TestRoomsTab" name="test_get_rooms_with_device_count" time="0.376" /><testcase classname="tests.test_admin_restructure.TestDevicesTab" name="test_get_devices" time="0.363" /><testcase classname="tests.test_admin_restructure.TestSmartHomeDashboardFiltering" name="test_admin_sees_all_rooms" time="0.389" /><testcase classname="tests.test_admin_restructure.TestSmartHomeDashboardFiltering" name="test_child_sees_filtered_rooms" time="0.750" /><testcase classname="tests.test_admin_restructure.TestAuditLogTab" name="test_get_audit_log" time="0.393" /><testcase classname="tests.test_admin_restructure.TestServicesTab" name="test_get_services" time="0.372" /><testcase classname="tests.test_admin_restructure.TestSettingsTab" name="test_get_admin_settings" time="0.366" /><testcase classname="tests.test_admin_restructure.TestSettingsTab" name="test_ha_status" time="0.371" /><testcase classname="tests.test_admin_restructure.TestProfilesTab" name="test_get_profiles" time="0.371" /><testcase classname="tests.test_admin_restructure.TestPermissionsTab" name="test_get_user_permissions" time="0.425" /></testsuite></testsuites>