<?xml version="1.0" encoding="utf-8"?><testsuites name="pytest tests"><testsuite name="pytest" errors="0" failures="0" skipped="0" tests="14" time="6.305" timestamp="2026-04-27T17:15:13.719354+00:00" hostname="agent-env-839af326-3997-42ec-9a74-741938ec33ab"><testcase classname="backend.tests.test_cookpilot.TestVersion" name="test_version_is_8_0" time="0.286" /><testcase classname="backend.tests.test_cookpilot.TestCookpilotStatus" name="test_admin_status_shape" time="0.452" /><testcase classname="backend.tests.test_cookpilot.TestCookpilotStatus" name="test_luzia_status_shape" time="0.465" /><testcase classname="backend.tests.test_cookpilot.TestCookpilotTest" name="test_test_without_url_returns_step_url" time="0.060" /><testcase classname="backend.tests.test_cookpilot.TestCookpilotTest" name="test_test_as_non_admin_forbidden" time="0.050" /><testcase classname="backend.tests.test_cookpilot.TestCookpilotSSOToken" name="test_sso_token_without_config_returns_null" time="0.317" /><testcase classname="backend.tests.test_cookpilot.TestCookpilotRecipesUnconfigured" name="test_recipes_as_luzia_returns_503" time="0.054" /><testcase classname="backend.tests.test_cookpilot.TestCookpilotPerms" name="test_admin_updates_luzia_perms" time="0.169" /><testcase classname="backend.tests.test_cookpilot.TestCookpilotPerms" name="test_luzia_cannot_update_perms" time="0.053" /><testcase classname="backend.tests.test_cookpilot.TestIntegrationsHealthCookpilot" name="test_includes_cookpilot_unavailable" time="3.099" /><testcase classname="backend.tests.test_cookpilot.TestServiceRouterCookpilot" name="test_keyword_fallback_cooking" time="0.048" /><testcase classname="backend.tests.test_cookpilot.TestServiceRouterCookpilot" name="test_keyword_fallback_shopping_milch" time="0.001" /><testcase classname="backend.tests.test_cookpilot.TestNonDevServicesContainsCookpilot" name="test_non_dev_services_includes_cookpilot" time="0.001" /><testcase classname="backend.tests.test_cookpilot.TestStickyBreakCookpilotMonkeyPatch" name="test_cookpilot_route_breaks_forgepilot_sticky" time="1.103" /></testsuite></testsuites>