<?xml version="1.0" encoding="utf-8"?><testsuites name="pytest tests"><testsuite name="pytest" errors="0" failures="0" skipped="0" tests="14" time="25.604" timestamp="2026-04-11T06:15:29.850988+00:00" hostname="agent-env-839af326-3997-42ec-9a74-741938ec33ab"><testcase classname="backend.tests.test_aria_dashboard.TestHealthEndpoints" name="test_api_health" time="0.184" /><testcase classname="backend.tests.test_aria_dashboard.TestHealthEndpoints" name="test_setup_status" time="0.106" /><testcase classname="backend.tests.test_aria_dashboard.TestAuthentication" name="test_login_success" time="0.337" /><testcase classname="backend.tests.test_aria_dashboard.TestAuthentication" name="test_login_invalid_credentials" time="0.106" /><testcase classname="backend.tests.test_aria_dashboard.TestAuthentication" name="test_auth_me_with_token" time="0.443" /><testcase classname="backend.tests.test_aria_dashboard.TestAuthentication" name="test_auth_me_without_token" time="0.115" /><testcase classname="backend.tests.test_aria_dashboard.TestSystemHealth" name="test_system_health" time="1.030" /><testcase classname="backend.tests.test_aria_dashboard.TestSystemHealth" name="test_docker_health" time="0.443" /><testcase classname="backend.tests.test_aria_dashboard.TestSystemHealth" name="test_services_health" time="20.475" /><testcase classname="backend.tests.test_aria_dashboard.TestDashboard" name="test_dashboard_stats" time="0.467" /><testcase classname="backend.tests.test_aria_dashboard.TestDashboard" name="test_services_list" time="0.434" /><testcase classname="backend.tests.test_aria_dashboard.TestTheme" name="test_theme_update" time="0.532" /><testcase classname="backend.tests.test_aria_dashboard.TestChat" name="test_chat_message" time="0.420" /><testcase classname="backend.tests.test_aria_dashboard.TestLogs" name="test_logs_retrieval" time="0.439" /></testsuite></testsuites>