<?xml version="1.0" encoding="utf-8"?><testsuites name="pytest tests"><testsuite name="pytest" errors="0" failures="0" skipped="0" tests="11" time="46.655" timestamp="2026-04-19T00:01:20.171000+00:00" hostname="agent-env-839af326-3997-42ec-9a74-741938ec33ab"><testcase classname="backend.tests.test_service_registry" name="test_health_ok" time="0.265" /><testcase classname="backend.tests.test_service_registry" name="test_get_service_registry_requires_auth" time="0.100" /><testcase classname="backend.tests.test_service_registry" name="test_get_service_registry_returns_defaults" time="3.523" /><testcase classname="backend.tests.test_service_registry" name="test_put_override_weather_and_verify" time="6.506" /><testcase classname="backend.tests.test_service_registry" name="test_create_and_delete_custom_service" time="6.778" /><testcase classname="backend.tests.test_service_registry" name="test_post_rejects_default_service_id" time="0.118" /><testcase classname="backend.tests.test_service_registry" name="test_post_rejects_invalid_service_id" time="0.112" /><testcase classname="backend.tests.test_service_registry" name="test_put_rejects_empty_body" time="0.115" /><testcase classname="backend.tests.test_service_registry" name="test_plex_image_without_path_returns_error" time="0.114" /><testcase classname="backend.tests.test_service_registry" name="test_plex_image_invalid_path_not_500" time="15.140" /><testcase classname="backend.tests.test_service_registry" name="test_chat_plex_count_query" time="13.804" /></testsuite></testsuites>