<?xml version="1.0" encoding="utf-8"?><testsuites name="pytest tests"><testsuite name="pytest" errors="0" failures="0" skipped="0" tests="12" time="6.920" timestamp="2026-04-11T07:40:10.961773+00:00" hostname="agent-env-839af326-3997-42ec-9a74-741938ec33ab"><testcase classname="backend.tests.test_aria_v2_weather.TestWeatherAPI" name="test_weather_endpoint_returns_not_configured" time="0.463" /><testcase classname="backend.tests.test_aria_v2_weather.TestWeatherAPI" name="test_weather_endpoint_requires_auth" time="0.433" /><testcase classname="backend.tests.test_aria_v2_weather.TestAdminSettings" name="test_get_admin_settings" time="0.442" /><testcase classname="backend.tests.test_aria_v2_weather.TestAdminSettings" name="test_update_weather_city_setting" time="0.593" /><testcase classname="backend.tests.test_aria_v2_weather.TestAdminSettings" name="test_update_weather_api_key_setting" time="0.573" /><testcase classname="backend.tests.test_aria_v2_weather.TestAdminSettings" name="test_update_openai_api_key_setting" time="0.506" /><testcase classname="backend.tests.test_aria_v2_weather.TestAdminSettings" name="test_admin_settings_requires_admin" time="0.451" /><testcase classname="backend.tests.test_aria_v2_weather.TestChatWithOpenAI" name="test_chat_endpoint_works" time="0.824" /><testcase classname="backend.tests.test_aria_v2_weather.TestChatWithOpenAI" name="test_chat_returns_api_key_message_when_not_configured" time="0.594" /><testcase classname="backend.tests.test_aria_v2_weather.TestDashboardStats" name="test_dashboard_stats" time="0.451" /><testcase classname="backend.tests.test_aria_v2_weather.TestDashboardStats" name="test_services_list" time="0.482" /><testcase classname="backend.tests.test_aria_v2_weather.TestSystemHealth" name="test_system_health" time="1.025" /></testsuite></testsuites>