<?xml version="1.0" encoding="utf-8"?><testsuites name="pytest tests"><testsuite name="pytest" errors="0" failures="0" skipped="1" tests="9" time="99.760" timestamp="2026-04-22T12:33:21.298835+00:00" hostname="agent-env-839af326-3997-42ec-9a74-741938ec33ab"><testcase classname="backend.tests.test_sticky_routing.TestVersion" name="test_version_is_7_3" time="0.255" /><testcase classname="backend.tests.test_sticky_routing.TestIntegrationsHealth" name="test_returns_six_default_services" time="3.458" /><testcase classname="backend.tests.test_sticky_routing.TestIntegrationsHealth" name="test_each_entry_has_required_fields" time="3.077" /><testcase classname="backend.tests.test_sticky_routing.TestIntegrationsHealth" name="test_requires_auth" time="0.180" /><testcase classname="backend.tests.test_sticky_routing.TestChatHistoryRoutedTo" name="test_history_returns_routed_to_as_array" time="0.101" /><testcase classname="backend.tests.test_sticky_routing.TestStickyForgePilotBreak" name="test_casedesk_question_breaks_forgepilot_sticky" time="23.914" /><testcase classname="backend.tests.test_sticky_routing.TestStickyForgePilotKeep" name="test_dev_followup_keeps_forgepilot_sticky" time="23.552" /><testcase classname="backend.tests.test_sticky_routing.TestForgePilotDelegationGuard" name="test_mixed_routing_does_not_fully_delegate" time="23.812"><skipped type="pytest.skip" message="Router did not return mixed route (got ['casedesk']) — GPT-router decided differently in this env. The guard code path could not be exercised; test_casedesk_question_breaks_forgepilot_sticky covers the same protective branch.">/app/backend/tests/test_sticky_routing.py:334: Router did not return mixed route (got ['casedesk']) — GPT-router decided differently in this env. The guard code path could not be exercised; test_casedesk_question_breaks_forgepilot_sticky covers the same protective branch.</skipped></testcase><testcase classname="backend.tests.test_sticky_routing.TestForgePilotGuardUnit" name="test_full_delegation_skipped_for_mixed_route" time="21.266" /></testsuite></testsuites>